<?xml version="1.0" encoding="UTF-8"?>
<testsuite name="org.springframework.samples.petclinic.owner.VisitControllerTests" tests="3" skipped="0" failures="0" errors="0" timestamp="2020-11-06T19:01:20" hostname="nicolaslamas-Latitude-7480" time="0.982">
  <properties/>
  <testcase name="testProcessNewVisitFormHasErrors()" classname="org.springframework.samples.petclinic.owner.VisitControllerTests" time="0.801"/>
  <testcase name="testProcessNewVisitFormSuccess()" classname="org.springframework.samples.petclinic.owner.VisitControllerTests" time="0.04"/>
  <testcase name="testInitNewVisitForm()" classname="org.springframework.samples.petclinic.owner.VisitControllerTests" time="0.126"/>
  <system-out><![CDATA[2020-11-06 16:01:18.441  INFO 6109 --- [    Test worker] .b.t.a.w.s.WebMvcTestContextBootstrapper : Neither @ContextConfiguration nor @ContextHierarchy found for test class [org.springframework.samples.petclinic.owner.VisitControllerTests], using SpringBootContextLoader
2020-11-06 16:01:18.443  INFO 6109 --- [    Test worker] o.s.t.c.support.AbstractContextLoader    : Could not detect default resource locations for test class [org.springframework.samples.petclinic.owner.VisitControllerTests]: no resource found for suffixes {-context.xml, Context.groovy}.
2020-11-06 16:01:18.444  INFO 6109 --- [    Test worker] t.c.s.AnnotationConfigContextLoaderUtils : Could not detect default configuration classes for test class [org.springframework.samples.petclinic.owner.VisitControllerTests]: VisitControllerTests does not declare any static, non-private, non-final, nested classes annotated with @Configuration.
2020-11-06 16:01:18.452  INFO 6109 --- [    Test worker] .b.t.c.SpringBootTestContextBootstrapper : Found @SpringBootConfiguration org.springframework.samples.petclinic.PetClinicApplication for test class org.springframework.samples.petclinic.owner.VisitControllerTests
2020-11-06 16:01:18.455  INFO 6109 --- [    Test worker] .b.t.a.w.s.WebMvcTestContextBootstrapper : Loaded default TestExecutionListener class names from location [META-INF/spring.factories]: [org.springframework.boot.test.autoconfigure.restdocs.RestDocsTestExecutionListener, org.springframework.boot.test.autoconfigure.web.client.MockRestServiceServerResetTestExecutionListener, org.springframework.boot.test.autoconfigure.web.servlet.MockMvcPrintOnlyOnFailureTestExecutionListener, org.springframework.boot.test.autoconfigure.web.servlet.WebDriverTestExecutionListener, org.springframework.boot.test.autoconfigure.webservices.client.MockWebServiceServerTestExecutionListener, org.springframework.boot.test.mock.mockito.MockitoTestExecutionListener, org.springframework.boot.test.mock.mockito.ResetMocksTestExecutionListener, org.springframework.test.context.web.ServletTestExecutionListener, org.springframework.test.context.support.DirtiesContextBeforeModesTestExecutionListener, org.springframework.test.context.support.DependencyInjectionTestExecutionListener, org.springframework.test.context.support.DirtiesContextTestExecutionListener, org.springframework.test.context.transaction.TransactionalTestExecutionListener, org.springframework.test.context.jdbc.SqlScriptsTestExecutionListener, org.springframework.test.context.event.EventPublishingTestExecutionListener]
2020-11-06 16:01:18.456  INFO 6109 --- [    Test worker] .b.t.a.w.s.WebMvcTestContextBootstrapper : Using TestExecutionListeners: [org.springframework.test.context.web.ServletTestExecutionListener@6c348dc9, org.springframework.test.context.support.DirtiesContextBeforeModesTestExecutionListener@12344b96, org.springframework.boot.test.mock.mockito.MockitoTestExecutionListener@5c5227e8, org.springframework.boot.test.autoconfigure.SpringBootDependencyInjectionTestExecutionListener@4514a7f, org.springframework.test.context.support.DirtiesContextTestExecutionListener@4c43d5f9, org.springframework.test.context.transaction.TransactionalTestExecutionListener@7c1b4f1c, org.springframework.test.context.jdbc.SqlScriptsTestExecutionListener@313b4a10, org.springframework.test.context.event.EventPublishingTestExecutionListener@3fb7fcfa, org.springframework.boot.test.autoconfigure.restdocs.RestDocsTestExecutionListener@6d091ae8, org.springframework.boot.test.autoconfigure.web.client.MockRestServiceServerResetTestExecutionListener@4bcccbfa, org.springframework.boot.test.autoconfigure.web.servlet.MockMvcPrintOnlyOnFailureTestExecutionListener@204c6359, org.springframework.boot.test.autoconfigure.web.servlet.WebDriverTestExecutionListener@201c0b86, org.springframework.boot.test.autoconfigure.webservices.client.MockWebServiceServerTestExecutionListener@5679b37, org.springframework.boot.test.mock.mockito.ResetMocksTestExecutionListener@28d9137a]


              |\      _,,,--,,_
             /,`.-'`'   ._  \-;;,_
  _______ __|,4-  ) )_   .;.(__`'-'__     ___ __    _ ___ _______
 |       | '---''(_/._)-'(_\_)   |   |   |   |  |  | |   |       |
 |    _  |    ___|_     _|       |   |   |   |   |_| |   |       | __ _ _
 |   |_| |   |___  |   | |       |   |   |   |       |   |       | \ \ \ \
 |    ___|    ___| |   | |      _|   |___|   |  _    |   |      _|  \ \ \ \
 |   |   |   |___  |   | |     |_|       |   | | |   |   |     |_    ) ) ) )
 |___|   |_______| |___| |_______|_______|___|_|  |__|___|_______|  / / / /
 ==================================================================/_/_/_/

:: Built with Spring Boot :: 2.3.3.RELEASE


2020-11-06 16:01:18.592  INFO 6109 --- [    Test worker] o.s.s.p.owner.VisitControllerTests       : Starting VisitControllerTests on nicolaslamas-Latitude-7480 with PID 6109 (started by nicolaslamas in /home/nicolaslamas/proyects/tp4-ing-software)
2020-11-06 16:01:18.598  INFO 6109 --- [    Test worker] o.s.s.p.owner.VisitControllerTests       : No active profile set, falling back to default profiles: default
2020-11-06 16:01:19.560  INFO 6109 --- [    Test worker] o.s.s.concurrent.ThreadPoolTaskExecutor  : Initializing ExecutorService 'applicationTaskExecutor'
2020-11-06 16:01:20.673  INFO 6109 --- [    Test worker] o.s.b.t.m.w.SpringBootMockServletContext : Initializing Spring TestDispatcherServlet ''
2020-11-06 16:01:20.676  INFO 6109 --- [    Test worker] o.s.t.web.servlet.TestDispatcherServlet  : Initializing Servlet ''
2020-11-06 16:01:20.697  INFO 6109 --- [    Test worker] o.s.t.web.servlet.TestDispatcherServlet  : Completed initialization in 18 ms
2020-11-06 16:01:20.742  INFO 6109 --- [    Test worker] o.s.s.p.owner.VisitControllerTests       : Started VisitControllerTests in 2.269 seconds (JVM running for 23.434)
]]></system-out>
  <system-err><![CDATA[]]></system-err>
</testsuite>
