<?xml version="1.0" encoding="UTF-8"?>
<testsuite name="org.springframework.samples.petclinic.vet.VetControllerTests" tests="2" skipped="0" failures="0" errors="0" timestamp="2020-11-06T19:01:39" hostname="nicolaslamas-Latitude-7480" time="0.353">
  <properties/>
  <testcase name="testShowVetListHtml()" classname="org.springframework.samples.petclinic.vet.VetControllerTests" time="0.101"/>
  <testcase name="testShowResourcesVetList()" classname="org.springframework.samples.petclinic.vet.VetControllerTests" time="0.246"/>
  <system-out><![CDATA[2020-11-06 16:01:37.070  INFO 6109 --- [    Test worker] .b.t.a.w.s.WebMvcTestContextBootstrapper : Neither @ContextConfiguration nor @ContextHierarchy found for test class [org.springframework.samples.petclinic.vet.VetControllerTests], using SpringBootContextLoader
2020-11-06 16:01:37.082  INFO 6109 --- [    Test worker] o.s.t.c.support.AbstractContextLoader    : Could not detect default resource locations for test class [org.springframework.samples.petclinic.vet.VetControllerTests]: no resource found for suffixes {-context.xml, Context.groovy}.
2020-11-06 16:01:37.083  INFO 6109 --- [    Test worker] t.c.s.AnnotationConfigContextLoaderUtils : Could not detect default configuration classes for test class [org.springframework.samples.petclinic.vet.VetControllerTests]: VetControllerTests does not declare any static, non-private, non-final, nested classes annotated with @Configuration.
2020-11-06 16:01:37.103  INFO 6109 --- [    Test worker] .b.t.c.SpringBootTestContextBootstrapper : Found @SpringBootConfiguration org.springframework.samples.petclinic.PetClinicApplication for test class org.springframework.samples.petclinic.vet.VetControllerTests
2020-11-06 16:01:37.110  INFO 6109 --- [    Test worker] .b.t.a.w.s.WebMvcTestContextBootstrapper : Loaded default TestExecutionListener class names from location [META-INF/spring.factories]: [org.springframework.boot.test.autoconfigure.restdocs.RestDocsTestExecutionListener, org.springframework.boot.test.autoconfigure.web.client.MockRestServiceServerResetTestExecutionListener, org.springframework.boot.test.autoconfigure.web.servlet.MockMvcPrintOnlyOnFailureTestExecutionListener, org.springframework.boot.test.autoconfigure.web.servlet.WebDriverTestExecutionListener, org.springframework.boot.test.autoconfigure.webservices.client.MockWebServiceServerTestExecutionListener, org.springframework.boot.test.mock.mockito.MockitoTestExecutionListener, org.springframework.boot.test.mock.mockito.ResetMocksTestExecutionListener, org.springframework.test.context.web.ServletTestExecutionListener, org.springframework.test.context.support.DirtiesContextBeforeModesTestExecutionListener, org.springframework.test.context.support.DependencyInjectionTestExecutionListener, org.springframework.test.context.support.DirtiesContextTestExecutionListener, org.springframework.test.context.transaction.TransactionalTestExecutionListener, org.springframework.test.context.jdbc.SqlScriptsTestExecutionListener, org.springframework.test.context.event.EventPublishingTestExecutionListener]
2020-11-06 16:01:37.113  INFO 6109 --- [    Test worker] .b.t.a.w.s.WebMvcTestContextBootstrapper : Using TestExecutionListeners: [org.springframework.test.context.web.ServletTestExecutionListener@34bb252c, org.springframework.test.context.support.DirtiesContextBeforeModesTestExecutionListener@5a7d3449, org.springframework.boot.test.mock.mockito.MockitoTestExecutionListener@248ab11e, org.springframework.boot.test.autoconfigure.SpringBootDependencyInjectionTestExecutionListener@4c5acd90, org.springframework.test.context.support.DirtiesContextTestExecutionListener@21a51372, org.springframework.test.context.transaction.TransactionalTestExecutionListener@12c9b473, org.springframework.test.context.jdbc.SqlScriptsTestExecutionListener@63bae575, org.springframework.test.context.event.EventPublishingTestExecutionListener@791682df, org.springframework.boot.test.autoconfigure.restdocs.RestDocsTestExecutionListener@7021300c, org.springframework.boot.test.autoconfigure.web.client.MockRestServiceServerResetTestExecutionListener@2f947857, org.springframework.boot.test.autoconfigure.web.servlet.MockMvcPrintOnlyOnFailureTestExecutionListener@1b31b19d, org.springframework.boot.test.autoconfigure.web.servlet.WebDriverTestExecutionListener@56fcd85e, org.springframework.boot.test.autoconfigure.webservices.client.MockWebServiceServerTestExecutionListener@2f2423dd, org.springframework.boot.test.mock.mockito.ResetMocksTestExecutionListener@237eb0ae]


              |\      _,,,--,,_
             /,`.-'`'   ._  \-;;,_
  _______ __|,4-  ) )_   .;.(__`'-'__     ___ __    _ ___ _______
 |       | '---''(_/._)-'(_\_)   |   |   |   |  |  | |   |       |
 |    _  |    ___|_     _|       |   |   |   |   |_| |   |       | __ _ _
 |   |_| |   |___  |   | |       |   |   |   |       |   |       | \ \ \ \
 |    ___|    ___| |   | |      _|   |___|   |  _    |   |      _|  \ \ \ \
 |   |   |   |___  |   | |     |_|       |   | | |   |   |     |_    ) ) ) )
 |___|   |_______| |___| |_______|_______|___|_|  |__|___|_______|  / / / /
 ==================================================================/_/_/_/

:: Built with Spring Boot :: 2.3.3.RELEASE


2020-11-06 16:01:37.176  INFO 6109 --- [    Test worker] o.s.s.petclinic.vet.VetControllerTests   : Starting VetControllerTests on nicolaslamas-Latitude-7480 with PID 6109 (started by nicolaslamas in /home/nicolaslamas/proyects/tp4-ing-software)
2020-11-06 16:01:37.178  INFO 6109 --- [    Test worker] o.s.s.petclinic.vet.VetControllerTests   : No active profile set, falling back to default profiles: default
2020-11-06 16:01:37.906  INFO 6109 --- [    Test worker] o.s.s.concurrent.ThreadPoolTaskExecutor  : Initializing ExecutorService 'applicationTaskExecutor'
2020-11-06 16:01:39.593  INFO 6109 --- [    Test worker] o.s.b.t.m.w.SpringBootMockServletContext : Initializing Spring TestDispatcherServlet ''
2020-11-06 16:01:39.594  INFO 6109 --- [    Test worker] o.s.t.web.servlet.TestDispatcherServlet  : Initializing Servlet ''
2020-11-06 16:01:39.607  INFO 6109 --- [    Test worker] o.s.t.web.servlet.TestDispatcherServlet  : Completed initialization in 12 ms
2020-11-06 16:01:39.622  INFO 6109 --- [    Test worker] o.s.s.petclinic.vet.VetControllerTests   : Started VetControllerTests in 2.501 seconds (JVM running for 42.315)
]]></system-out>
  <system-err><![CDATA[]]></system-err>
</testsuite>
