<?xml version="1.0" encoding="UTF-8"?>
<testsuite name="org.springframework.samples.petclinic.owner.VisitControllerTests" tests="3" skipped="0" failures="0" errors="0" timestamp="2020-10-20T12:16:33" hostname="nicolaslamas-Latitude-7480" time="0.22">
  <properties/>
  <testcase name="testProcessNewVisitFormHasErrors()" classname="org.springframework.samples.petclinic.owner.VisitControllerTests" time="0.187"/>
  <testcase name="testProcessNewVisitFormSuccess()" classname="org.springframework.samples.petclinic.owner.VisitControllerTests" time="0.009"/>
  <testcase name="testInitNewVisitForm()" classname="org.springframework.samples.petclinic.owner.VisitControllerTests" time="0.022"/>
  <system-out><![CDATA[2020-10-20 09:16:32.311  INFO 18118 --- [    Test worker] .b.t.a.w.s.WebMvcTestContextBootstrapper : Neither @ContextConfiguration nor @ContextHierarchy found for test class [org.springframework.samples.petclinic.owner.VisitControllerTests], using SpringBootContextLoader
2020-10-20 09:16:32.312  INFO 18118 --- [    Test worker] o.s.t.c.support.AbstractContextLoader    : Could not detect default resource locations for test class [org.springframework.samples.petclinic.owner.VisitControllerTests]: no resource found for suffixes {-context.xml, Context.groovy}.
2020-10-20 09:16:32.313  INFO 18118 --- [    Test worker] t.c.s.AnnotationConfigContextLoaderUtils : Could not detect default configuration classes for test class [org.springframework.samples.petclinic.owner.VisitControllerTests]: VisitControllerTests does not declare any static, non-private, non-final, nested classes annotated with @Configuration.
2020-10-20 09:16:32.317  INFO 18118 --- [    Test worker] .b.t.c.SpringBootTestContextBootstrapper : Found @SpringBootConfiguration org.springframework.samples.petclinic.PetClinicApplication for test class org.springframework.samples.petclinic.owner.VisitControllerTests
2020-10-20 09:16:32.318  INFO 18118 --- [    Test worker] .b.t.a.w.s.WebMvcTestContextBootstrapper : Loaded default TestExecutionListener class names from location [META-INF/spring.factories]: [org.springframework.boot.test.autoconfigure.restdocs.RestDocsTestExecutionListener, org.springframework.boot.test.autoconfigure.web.client.MockRestServiceServerResetTestExecutionListener, org.springframework.boot.test.autoconfigure.web.servlet.MockMvcPrintOnlyOnFailureTestExecutionListener, org.springframework.boot.test.autoconfigure.web.servlet.WebDriverTestExecutionListener, org.springframework.boot.test.autoconfigure.webservices.client.MockWebServiceServerTestExecutionListener, org.springframework.boot.test.mock.mockito.MockitoTestExecutionListener, org.springframework.boot.test.mock.mockito.ResetMocksTestExecutionListener, org.springframework.test.context.web.ServletTestExecutionListener, org.springframework.test.context.support.DirtiesContextBeforeModesTestExecutionListener, org.springframework.test.context.support.DependencyInjectionTestExecutionListener, org.springframework.test.context.support.DirtiesContextTestExecutionListener, org.springframework.test.context.transaction.TransactionalTestExecutionListener, org.springframework.test.context.jdbc.SqlScriptsTestExecutionListener, org.springframework.test.context.event.EventPublishingTestExecutionListener]
2020-10-20 09:16:32.320  INFO 18118 --- [    Test worker] .b.t.a.w.s.WebMvcTestContextBootstrapper : Using TestExecutionListeners: [org.springframework.test.context.web.ServletTestExecutionListener@1ab00b95, org.springframework.test.context.support.DirtiesContextBeforeModesTestExecutionListener@178d821, org.springframework.boot.test.mock.mockito.MockitoTestExecutionListener@192d2117, org.springframework.boot.test.autoconfigure.SpringBootDependencyInjectionTestExecutionListener@56d11e3c, org.springframework.test.context.support.DirtiesContextTestExecutionListener@4ca74bd0, org.springframework.test.context.transaction.TransactionalTestExecutionListener@b592bb5, org.springframework.test.context.jdbc.SqlScriptsTestExecutionListener@7b0c9650, org.springframework.test.context.event.EventPublishingTestExecutionListener@257247f3, org.springframework.boot.test.autoconfigure.restdocs.RestDocsTestExecutionListener@53fd7146, org.springframework.boot.test.autoconfigure.web.client.MockRestServiceServerResetTestExecutionListener@113bfc0f, org.springframework.boot.test.autoconfigure.web.servlet.MockMvcPrintOnlyOnFailureTestExecutionListener@e9a466e, org.springframework.boot.test.autoconfigure.web.servlet.WebDriverTestExecutionListener@3960c591, org.springframework.boot.test.autoconfigure.webservices.client.MockWebServiceServerTestExecutionListener@1aff4ba, org.springframework.boot.test.mock.mockito.ResetMocksTestExecutionListener@4f3abb04]


              |\      _,,,--,,_
             /,`.-'`'   ._  \-;;,_
  _______ __|,4-  ) )_   .;.(__`'-'__     ___ __    _ ___ _______
 |       | '---''(_/._)-'(_\_)   |   |   |   |  |  | |   |       |
 |    _  |    ___|_     _|       |   |   |   |   |_| |   |       | __ _ _
 |   |_| |   |___  |   | |       |   |   |   |       |   |       | \ \ \ \
 |    ___|    ___| |   | |      _|   |___|   |  _    |   |      _|  \ \ \ \
 |   |   |   |___  |   | |     |_|       |   | | |   |   |     |_    ) ) ) )
 |___|   |_______| |___| |_______|_______|___|_|  |__|___|_______|  / / / /
 ==================================================================/_/_/_/

:: Built with Spring Boot :: 2.3.3.RELEASE


2020-10-20 09:16:32.374  INFO 18118 --- [    Test worker] o.s.s.p.owner.VisitControllerTests       : Starting VisitControllerTests on nicolaslamas-Latitude-7480 with PID 18118 (started by nicolaslamas in /home/nicolaslamas/proyects/tp4-ing-software)
2020-10-20 09:16:32.376  INFO 18118 --- [    Test worker] o.s.s.p.owner.VisitControllerTests       : No active profile set, falling back to default profiles: default
2020-10-20 09:16:33.120  INFO 18118 --- [    Test worker] o.s.s.concurrent.ThreadPoolTaskExecutor  : Initializing ExecutorService 'applicationTaskExecutor'
2020-10-20 09:16:33.871  INFO 18118 --- [    Test worker] o.s.b.t.m.w.SpringBootMockServletContext : Initializing Spring TestDispatcherServlet ''
2020-10-20 09:16:33.871  INFO 18118 --- [    Test worker] o.s.t.web.servlet.TestDispatcherServlet  : Initializing Servlet ''
2020-10-20 09:16:33.881  INFO 18118 --- [    Test worker] o.s.t.web.servlet.TestDispatcherServlet  : Completed initialization in 9 ms
2020-10-20 09:16:33.901  INFO 18118 --- [    Test worker] o.s.s.p.owner.VisitControllerTests       : Started VisitControllerTests in 1.577 seconds (JVM running for 6.537)
]]></system-out>
  <system-err><![CDATA[]]></system-err>
</testsuite>
