<?xml version="1.0" encoding="UTF-8"?>
<testsuite name="org.springframework.samples.petclinic.owner.PetControllerTests" tests="6" skipped="0" failures="0" errors="0" timestamp="2020-11-06T19:01:15" hostname="nicolaslamas-Latitude-7480" time="2.791">
  <properties/>
  <testcase name="testProcessCreationFormSuccess()" classname="org.springframework.samples.petclinic.owner.PetControllerTests" time="0.67"/>
  <testcase name="testProcessUpdateFormSuccess()" classname="org.springframework.samples.petclinic.owner.PetControllerTests" time="0.038"/>
  <testcase name="testInitUpdateForm()" classname="org.springframework.samples.petclinic.owner.PetControllerTests" time="1.703"/>
  <testcase name="testInitCreationForm()" classname="org.springframework.samples.petclinic.owner.PetControllerTests" time="0.072"/>
  <testcase name="testProcessCreationFormHasErrors()" classname="org.springframework.samples.petclinic.owner.PetControllerTests" time="0.115"/>
  <testcase name="testProcessUpdateFormHasErrors()" classname="org.springframework.samples.petclinic.owner.PetControllerTests" time="0.162"/>
  <system-out><![CDATA[16:01:00.489 [Test worker] DEBUG org.springframework.test.context.BootstrapUtils - Instantiating CacheAwareContextLoaderDelegate from class [org.springframework.test.context.cache.DefaultCacheAwareContextLoaderDelegate]
16:01:00.550 [Test worker] DEBUG org.springframework.test.context.BootstrapUtils - Instantiating BootstrapContext using constructor [public org.springframework.test.context.support.DefaultBootstrapContext(java.lang.Class,org.springframework.test.context.CacheAwareContextLoaderDelegate)]
16:01:00.680 [Test worker] DEBUG org.springframework.test.context.BootstrapUtils - Instantiating TestContextBootstrapper for test class [org.springframework.samples.petclinic.owner.PetControllerTests] from class [org.springframework.boot.test.autoconfigure.web.servlet.WebMvcTestContextBootstrapper]
16:01:00.736 [Test worker] INFO org.springframework.boot.test.autoconfigure.web.servlet.WebMvcTestContextBootstrapper - Neither @ContextConfiguration nor @ContextHierarchy found for test class [org.springframework.samples.petclinic.owner.PetControllerTests], using SpringBootContextLoader
16:01:00.752 [Test worker] DEBUG org.springframework.test.context.support.AbstractContextLoader - Did not detect default resource location for test class [org.springframework.samples.petclinic.owner.PetControllerTests]: class path resource [org/springframework/samples/petclinic/owner/PetControllerTests-context.xml] does not exist
16:01:00.754 [Test worker] DEBUG org.springframework.test.context.support.AbstractContextLoader - Did not detect default resource location for test class [org.springframework.samples.petclinic.owner.PetControllerTests]: class path resource [org/springframework/samples/petclinic/owner/PetControllerTestsContext.groovy] does not exist
16:01:00.755 [Test worker] INFO org.springframework.test.context.support.AbstractContextLoader - Could not detect default resource locations for test class [org.springframework.samples.petclinic.owner.PetControllerTests]: no resource found for suffixes {-context.xml, Context.groovy}.
16:01:00.757 [Test worker] INFO org.springframework.test.context.support.AnnotationConfigContextLoaderUtils - Could not detect default configuration classes for test class [org.springframework.samples.petclinic.owner.PetControllerTests]: PetControllerTests does not declare any static, non-private, non-final, nested classes annotated with @Configuration.
16:01:01.012 [Test worker] DEBUG org.springframework.test.context.support.ActiveProfilesUtils - Could not find an 'annotation declaring class' for annotation type [org.springframework.test.context.ActiveProfiles] and class [org.springframework.samples.petclinic.owner.PetControllerTests]
16:01:01.352 [Test worker] DEBUG org.springframework.context.annotation.ClassPathScanningCandidateComponentProvider - Identified candidate component class: file [/home/nicolaslamas/proyects/tp4-ing-software/build/classes/java/main/org/springframework/samples/petclinic/PetClinicApplication.class]
16:01:01.354 [Test worker] INFO org.springframework.boot.test.context.SpringBootTestContextBootstrapper - Found @SpringBootConfiguration org.springframework.samples.petclinic.PetClinicApplication for test class org.springframework.samples.petclinic.owner.PetControllerTests
16:01:01.360 [Test worker] DEBUG org.springframework.boot.test.autoconfigure.web.servlet.WebMvcTestContextBootstrapper - @TestExecutionListeners is not present for class [org.springframework.samples.petclinic.owner.PetControllerTests]: using defaults.
16:01:01.364 [Test worker] INFO org.springframework.boot.test.autoconfigure.web.servlet.WebMvcTestContextBootstrapper - Loaded default TestExecutionListener class names from location [META-INF/spring.factories]: [org.springframework.boot.test.autoconfigure.restdocs.RestDocsTestExecutionListener, org.springframework.boot.test.autoconfigure.web.client.MockRestServiceServerResetTestExecutionListener, org.springframework.boot.test.autoconfigure.web.servlet.MockMvcPrintOnlyOnFailureTestExecutionListener, org.springframework.boot.test.autoconfigure.web.servlet.WebDriverTestExecutionListener, org.springframework.boot.test.autoconfigure.webservices.client.MockWebServiceServerTestExecutionListener, org.springframework.boot.test.mock.mockito.MockitoTestExecutionListener, org.springframework.boot.test.mock.mockito.ResetMocksTestExecutionListener, org.springframework.test.context.web.ServletTestExecutionListener, org.springframework.test.context.support.DirtiesContextBeforeModesTestExecutionListener, org.springframework.test.context.support.DependencyInjectionTestExecutionListener, org.springframework.test.context.support.DirtiesContextTestExecutionListener, org.springframework.test.context.transaction.TransactionalTestExecutionListener, org.springframework.test.context.jdbc.SqlScriptsTestExecutionListener, org.springframework.test.context.event.EventPublishingTestExecutionListener]
16:01:01.447 [Test worker] INFO org.springframework.boot.test.autoconfigure.web.servlet.WebMvcTestContextBootstrapper - Using TestExecutionListeners: [org.springframework.test.context.web.ServletTestExecutionListener@46503a9f, org.springframework.test.context.support.DirtiesContextBeforeModesTestExecutionListener@2b5d4126, org.springframework.boot.test.mock.mockito.MockitoTestExecutionListener@548aeb66, org.springframework.boot.test.autoconfigure.SpringBootDependencyInjectionTestExecutionListener@3e19d75b, org.springframework.test.context.support.DirtiesContextTestExecutionListener@795a96c5, org.springframework.test.context.transaction.TransactionalTestExecutionListener@38cfacb9, org.springframework.test.context.jdbc.SqlScriptsTestExecutionListener@3b9da11d, org.springframework.test.context.event.EventPublishingTestExecutionListener@4bce1a3a, org.springframework.boot.test.autoconfigure.restdocs.RestDocsTestExecutionListener@660f4138, org.springframework.boot.test.autoconfigure.web.client.MockRestServiceServerResetTestExecutionListener@23e08324, org.springframework.boot.test.autoconfigure.web.servlet.MockMvcPrintOnlyOnFailureTestExecutionListener@75235b0c, org.springframework.boot.test.autoconfigure.web.servlet.WebDriverTestExecutionListener@4e078058, org.springframework.boot.test.autoconfigure.webservices.client.MockWebServiceServerTestExecutionListener@521d0e21, org.springframework.boot.test.mock.mockito.ResetMocksTestExecutionListener@75c35ee5]
16:01:01.461 [Test worker] DEBUG org.springframework.test.context.support.AbstractDirtiesContextTestExecutionListener - Before test class: context [DefaultTestContext@76579c0e testClass = PetControllerTests, testInstance = [null], testMethod = [null], testException = [null], mergedContextConfiguration = [WebMergedContextConfiguration@1e49d2b2 testClass = PetControllerTests, locations = '{}', classes = '{class org.springframework.samples.petclinic.PetClinicApplication}', contextInitializerClasses = '[]', activeProfiles = '{}', propertySourceLocations = '{}', propertySourceProperties = '{org.springframework.boot.test.autoconfigure.web.servlet.WebMvcTestContextBootstrapper=true}', contextCustomizers = set[org.springframework.boot.test.autoconfigure.OverrideAutoConfigurationContextCustomizerFactory$DisableAutoConfigurationContextCustomizer@1b48c861, org.springframework.boot.test.autoconfigure.filter.TypeExcludeFiltersContextCustomizer@2e27578f, org.springframework.boot.test.autoconfigure.properties.PropertyMappingContextCustomizer@1bb9da37, org.springframework.boot.test.autoconfigure.web.servlet.WebDriverContextCustomizerFactory$Customizer@71aaf7f6, [ImportsContextCustomizer@790e1d60 key = [org.springframework.boot.autoconfigure.cache.CacheAutoConfiguration, org.springframework.boot.autoconfigure.context.MessageSourceAutoConfiguration, org.springframework.boot.autoconfigure.data.web.SpringDataWebAutoConfiguration, org.springframework.boot.autoconfigure.freemarker.FreeMarkerAutoConfiguration, org.springframework.boot.autoconfigure.groovy.template.GroovyTemplateAutoConfiguration, org.springframework.boot.autoconfigure.gson.GsonAutoConfiguration, org.springframework.boot.autoconfigure.hateoas.HypermediaAutoConfiguration, org.springframework.boot.autoconfigure.http.HttpMessageConvertersAutoConfiguration, org.springframework.boot.autoconfigure.jackson.JacksonAutoConfiguration, org.springframework.boot.autoconfigure.jsonb.JsonbAutoConfiguration, org.springframework.boot.autoconfigure.mustache.MustacheAutoConfiguration, org.springframework.boot.autoconfigure.task.TaskExecutionAutoConfiguration, org.springframework.boot.autoconfigure.thymeleaf.ThymeleafAutoConfiguration, org.springframework.boot.autoconfigure.validation.ValidationAutoConfiguration, org.springframework.boot.autoconfigure.web.servlet.error.ErrorMvcAutoConfiguration, org.springframework.boot.autoconfigure.web.servlet.WebMvcAutoConfiguration, org.springframework.boot.test.autoconfigure.web.servlet.MockMvcAutoConfiguration, org.springframework.boot.test.autoconfigure.web.servlet.MockMvcWebClientAutoConfiguration, org.springframework.boot.test.autoconfigure.web.servlet.MockMvcWebDriverAutoConfiguration, org.springframework.boot.autoconfigure.security.oauth2.client.servlet.OAuth2ClientAutoConfiguration, org.springframework.boot.autoconfigure.security.oauth2.resource.servlet.OAuth2ResourceServerAutoConfiguration, org.springframework.boot.autoconfigure.security.servlet.SecurityAutoConfiguration, org.springframework.boot.autoconfigure.security.servlet.SecurityFilterAutoConfiguration, org.springframework.boot.autoconfigure.security.servlet.UserDetailsServiceAutoConfiguration, org.springframework.boot.test.autoconfigure.web.servlet.MockMvcSecurityConfiguration]], org.springframework.boot.test.context.filter.ExcludeFilterContextCustomizer@35cd9afe, org.springframework.boot.test.json.DuplicateJsonObjectContextCustomizerFactory$DuplicateJsonObjectContextCustomizer@14aebd5b, org.springframework.boot.test.mock.mockito.MockitoContextCustomizer@53431b16, org.springframework.boot.test.context.SpringBootTestArgs@1], resourceBasePath = 'src/main/webapp', contextLoader = 'org.springframework.boot.test.context.SpringBootContextLoader', parent = [null]], attributes = map[[empty]]], class annotated with @DirtiesContext [false] with mode [null].
16:01:01.644 [Test worker] DEBUG org.springframework.test.context.support.TestPropertySourceUtils - Adding inlined properties to environment: {spring.jmx.enabled=false, org.springframework.boot.test.autoconfigure.web.servlet.WebMvcTestContextBootstrapper=true}


              |\      _,,,--,,_
             /,`.-'`'   ._  \-;;,_
  _______ __|,4-  ) )_   .;.(__`'-'__     ___ __    _ ___ _______
 |       | '---''(_/._)-'(_\_)   |   |   |   |  |  | |   |       |
 |    _  |    ___|_     _|       |   |   |   |   |_| |   |       | __ _ _
 |   |_| |   |___  |   | |       |   |   |   |       |   |       | \ \ \ \
 |    ___|    ___| |   | |      _|   |___|   |  _    |   |      _|  \ \ \ \
 |   |   |   |___  |   | |     |_|       |   | | |   |   |     |_    ) ) ) )
 |___|   |_______| |___| |_______|_______|___|_|  |__|___|_______|  / / / /
 ==================================================================/_/_/_/

:: Built with Spring Boot :: 2.3.3.RELEASE


2020-11-06 16:01:03.425  INFO 6109 --- [    Test worker] o.s.s.p.owner.PetControllerTests         : Starting PetControllerTests on nicolaslamas-Latitude-7480 with PID 6109 (started by nicolaslamas in /home/nicolaslamas/proyects/tp4-ing-software)
2020-11-06 16:01:03.466  INFO 6109 --- [    Test worker] o.s.s.p.owner.PetControllerTests         : No active profile set, falling back to default profiles: default
2020-11-06 16:01:10.964  INFO 6109 --- [    Test worker] o.s.s.concurrent.ThreadPoolTaskExecutor  : Initializing ExecutorService 'applicationTaskExecutor'
2020-11-06 16:01:15.205  INFO 6109 --- [    Test worker] o.s.b.t.m.w.SpringBootMockServletContext : Initializing Spring TestDispatcherServlet ''
2020-11-06 16:01:15.207  INFO 6109 --- [    Test worker] o.s.t.web.servlet.TestDispatcherServlet  : Initializing Servlet ''
2020-11-06 16:01:15.242  INFO 6109 --- [    Test worker] o.s.t.web.servlet.TestDispatcherServlet  : Completed initialization in 33 ms
2020-11-06 16:01:15.319  INFO 6109 --- [    Test worker] o.s.s.p.owner.PetControllerTests         : Started PetControllerTests in 13.634 seconds (JVM running for 18.011)
]]></system-out>
  <system-err><![CDATA[]]></system-err>
</testsuite>
