<?xml version="1.0" encoding="UTF-8"?>
<testsuite name="org.springframework.samples.petclinic.model.ValidatorTests" tests="1" skipped="0" failures="0" errors="0" timestamp="2020-10-20T12:16:43" hostname="nicolaslamas-Latitude-7480" time="0.02">
  <properties/>
  <testcase name="shouldNotValidateWhenFirstNameEmpty()" classname="org.springframework.samples.petclinic.model.ValidatorTests" time="0.02"/>
  <system-out><![CDATA[]]></system-out>
  <system-err><![CDATA[]]></system-err>
</testsuite>
