<?xml version="1.0" encoding="UTF-8"?>
<testsuite name="org.springframework.samples.petclinic.owner.PetControllerTests" tests="6" skipped="0" failures="0" errors="0" timestamp="2020-10-20T12:16:31" hostname="nicolaslamas-Latitude-7480" time="0.773">
  <properties/>
  <testcase name="testProcessCreationFormSuccess()" classname="org.springframework.samples.petclinic.owner.PetControllerTests" time="0.168"/>
  <testcase name="testProcessUpdateFormSuccess()" classname="org.springframework.samples.petclinic.owner.PetControllerTests" time="0.011"/>
  <testcase name="testInitUpdateForm()" classname="org.springframework.samples.petclinic.owner.PetControllerTests" time="0.476"/>
  <testcase name="testInitCreationForm()" classname="org.springframework.samples.petclinic.owner.PetControllerTests" time="0.03"/>
  <testcase name="testProcessCreationFormHasErrors()" classname="org.springframework.samples.petclinic.owner.PetControllerTests" time="0.042"/>
  <testcase name="testProcessUpdateFormHasErrors()" classname="org.springframework.samples.petclinic.owner.PetControllerTests" time="0.034"/>
  <system-out><![CDATA[09:16:28.209 [Test worker] DEBUG org.springframework.test.context.BootstrapUtils - Instantiating CacheAwareContextLoaderDelegate from class [org.springframework.test.context.cache.DefaultCacheAwareContextLoaderDelegate]
09:16:28.220 [Test worker] DEBUG org.springframework.test.context.BootstrapUtils - Instantiating BootstrapContext using constructor [public org.springframework.test.context.support.DefaultBootstrapContext(java.lang.Class,org.springframework.test.context.CacheAwareContextLoaderDelegate)]
09:16:28.256 [Test worker] DEBUG org.springframework.test.context.BootstrapUtils - Instantiating TestContextBootstrapper for test class [org.springframework.samples.petclinic.owner.PetControllerTests] from class [org.springframework.boot.test.autoconfigure.web.servlet.WebMvcTestContextBootstrapper]
09:16:28.271 [Test worker] INFO org.springframework.boot.test.autoconfigure.web.servlet.WebMvcTestContextBootstrapper - Neither @ContextConfiguration nor @ContextHierarchy found for test class [org.springframework.samples.petclinic.owner.PetControllerTests], using SpringBootContextLoader
09:16:28.276 [Test worker] DEBUG org.springframework.test.context.support.AbstractContextLoader - Did not detect default resource location for test class [org.springframework.samples.petclinic.owner.PetControllerTests]: class path resource [org/springframework/samples/petclinic/owner/PetControllerTests-context.xml] does not exist
09:16:28.276 [Test worker] DEBUG org.springframework.test.context.support.AbstractContextLoader - Did not detect default resource location for test class [org.springframework.samples.petclinic.owner.PetControllerTests]: class path resource [org/springframework/samples/petclinic/owner/PetControllerTestsContext.groovy] does not exist
09:16:28.277 [Test worker] INFO org.springframework.test.context.support.AbstractContextLoader - Could not detect default resource locations for test class [org.springframework.samples.petclinic.owner.PetControllerTests]: no resource found for suffixes {-context.xml, Context.groovy}.
09:16:28.278 [Test worker] INFO org.springframework.test.context.support.AnnotationConfigContextLoaderUtils - Could not detect default configuration classes for test class [org.springframework.samples.petclinic.owner.PetControllerTests]: PetControllerTests does not declare any static, non-private, non-final, nested classes annotated with @Configuration.
09:16:28.344 [Test worker] DEBUG org.springframework.test.context.support.ActiveProfilesUtils - Could not find an 'annotation declaring class' for annotation type [org.springframework.test.context.ActiveProfiles] and class [org.springframework.samples.petclinic.owner.PetControllerTests]
09:16:28.404 [Test worker] DEBUG org.springframework.context.annotation.ClassPathScanningCandidateComponentProvider - Identified candidate component class: file [/home/nicolaslamas/proyects/tp4-ing-software/build/classes/java/main/org/springframework/samples/petclinic/PetClinicApplication.class]
09:16:28.405 [Test worker] INFO org.springframework.boot.test.context.SpringBootTestContextBootstrapper - Found @SpringBootConfiguration org.springframework.samples.petclinic.PetClinicApplication for test class org.springframework.samples.petclinic.owner.PetControllerTests
09:16:28.407 [Test worker] DEBUG org.springframework.boot.test.autoconfigure.web.servlet.WebMvcTestContextBootstrapper - @TestExecutionListeners is not present for class [org.springframework.samples.petclinic.owner.PetControllerTests]: using defaults.
09:16:28.408 [Test worker] INFO org.springframework.boot.test.autoconfigure.web.servlet.WebMvcTestContextBootstrapper - Loaded default TestExecutionListener class names from location [META-INF/spring.factories]: [org.springframework.boot.test.autoconfigure.restdocs.RestDocsTestExecutionListener, org.springframework.boot.test.autoconfigure.web.client.MockRestServiceServerResetTestExecutionListener, org.springframework.boot.test.autoconfigure.web.servlet.MockMvcPrintOnlyOnFailureTestExecutionListener, org.springframework.boot.test.autoconfigure.web.servlet.WebDriverTestExecutionListener, org.springframework.boot.test.autoconfigure.webservices.client.MockWebServiceServerTestExecutionListener, org.springframework.boot.test.mock.mockito.MockitoTestExecutionListener, org.springframework.boot.test.mock.mockito.ResetMocksTestExecutionListener, org.springframework.test.context.web.ServletTestExecutionListener, org.springframework.test.context.support.DirtiesContextBeforeModesTestExecutionListener, org.springframework.test.context.support.DependencyInjectionTestExecutionListener, org.springframework.test.context.support.DirtiesContextTestExecutionListener, org.springframework.test.context.transaction.TransactionalTestExecutionListener, org.springframework.test.context.jdbc.SqlScriptsTestExecutionListener, org.springframework.test.context.event.EventPublishingTestExecutionListener]
09:16:28.426 [Test worker] INFO org.springframework.boot.test.autoconfigure.web.servlet.WebMvcTestContextBootstrapper - Using TestExecutionListeners: [org.springframework.test.context.web.ServletTestExecutionListener@2c391755, org.springframework.test.context.support.DirtiesContextBeforeModesTestExecutionListener@2cd090fe, org.springframework.boot.test.mock.mockito.MockitoTestExecutionListener@17fa3f29, org.springframework.boot.test.autoconfigure.SpringBootDependencyInjectionTestExecutionListener@335f54f7, org.springframework.test.context.support.DirtiesContextTestExecutionListener@57386e76, org.springframework.test.context.transaction.TransactionalTestExecutionListener@7fc7430f, org.springframework.test.context.jdbc.SqlScriptsTestExecutionListener@390238a9, org.springframework.test.context.event.EventPublishingTestExecutionListener@70333b92, org.springframework.boot.test.autoconfigure.restdocs.RestDocsTestExecutionListener@646ca03c, org.springframework.boot.test.autoconfigure.web.client.MockRestServiceServerResetTestExecutionListener@21f64885, org.springframework.boot.test.autoconfigure.web.servlet.MockMvcPrintOnlyOnFailureTestExecutionListener@999fb62, org.springframework.boot.test.autoconfigure.web.servlet.WebDriverTestExecutionListener@609fae68, org.springframework.boot.test.autoconfigure.webservices.client.MockWebServiceServerTestExecutionListener@61f38f07, org.springframework.boot.test.mock.mockito.ResetMocksTestExecutionListener@72d251dc]
09:16:28.430 [Test worker] DEBUG org.springframework.test.context.support.AbstractDirtiesContextTestExecutionListener - Before test class: context [DefaultTestContext@47ff362f testClass = PetControllerTests, testInstance = [null], testMethod = [null], testException = [null], mergedContextConfiguration = [WebMergedContextConfiguration@3201e422 testClass = PetControllerTests, locations = '{}', classes = '{class org.springframework.samples.petclinic.PetClinicApplication}', contextInitializerClasses = '[]', activeProfiles = '{}', propertySourceLocations = '{}', propertySourceProperties = '{org.springframework.boot.test.autoconfigure.web.servlet.WebMvcTestContextBootstrapper=true}', contextCustomizers = set[org.springframework.boot.test.autoconfigure.OverrideAutoConfigurationContextCustomizerFactory$DisableAutoConfigurationContextCustomizer@2c17d7d3, org.springframework.boot.test.autoconfigure.filter.TypeExcludeFiltersContextCustomizer@d89a783a, org.springframework.boot.test.autoconfigure.properties.PropertyMappingContextCustomizer@f40586d, org.springframework.boot.test.autoconfigure.web.servlet.WebDriverContextCustomizerFactory$Customizer@418679f7, [ImportsContextCustomizer@6e355c7c key = [org.springframework.boot.autoconfigure.cache.CacheAutoConfiguration, org.springframework.boot.autoconfigure.context.MessageSourceAutoConfiguration, org.springframework.boot.autoconfigure.data.web.SpringDataWebAutoConfiguration, org.springframework.boot.autoconfigure.freemarker.FreeMarkerAutoConfiguration, org.springframework.boot.autoconfigure.groovy.template.GroovyTemplateAutoConfiguration, org.springframework.boot.autoconfigure.gson.GsonAutoConfiguration, org.springframework.boot.autoconfigure.hateoas.HypermediaAutoConfiguration, org.springframework.boot.autoconfigure.http.HttpMessageConvertersAutoConfiguration, org.springframework.boot.autoconfigure.jackson.JacksonAutoConfiguration, org.springframework.boot.autoconfigure.jsonb.JsonbAutoConfiguration, org.springframework.boot.autoconfigure.mustache.MustacheAutoConfiguration, org.springframework.boot.autoconfigure.task.TaskExecutionAutoConfiguration, org.springframework.boot.autoconfigure.thymeleaf.ThymeleafAutoConfiguration, org.springframework.boot.autoconfigure.validation.ValidationAutoConfiguration, org.springframework.boot.autoconfigure.web.servlet.error.ErrorMvcAutoConfiguration, org.springframework.boot.autoconfigure.web.servlet.WebMvcAutoConfiguration, org.springframework.boot.test.autoconfigure.web.servlet.MockMvcAutoConfiguration, org.springframework.boot.test.autoconfigure.web.servlet.MockMvcWebClientAutoConfiguration, org.springframework.boot.test.autoconfigure.web.servlet.MockMvcWebDriverAutoConfiguration, org.springframework.boot.autoconfigure.security.oauth2.client.servlet.OAuth2ClientAutoConfiguration, org.springframework.boot.autoconfigure.security.oauth2.resource.servlet.OAuth2ResourceServerAutoConfiguration, org.springframework.boot.autoconfigure.security.servlet.SecurityAutoConfiguration, org.springframework.boot.autoconfigure.security.servlet.SecurityFilterAutoConfiguration, org.springframework.boot.autoconfigure.security.servlet.UserDetailsServiceAutoConfiguration, org.springframework.boot.test.autoconfigure.web.servlet.MockMvcSecurityConfiguration]], org.springframework.boot.test.context.filter.ExcludeFilterContextCustomizer@6841f589, org.springframework.boot.test.json.DuplicateJsonObjectContextCustomizerFactory$DuplicateJsonObjectContextCustomizer@1c3ba45c, org.springframework.boot.test.mock.mockito.MockitoContextCustomizer@d7bcccec, org.springframework.boot.test.context.SpringBootTestArgs@1], resourceBasePath = 'src/main/webapp', contextLoader = 'org.springframework.boot.test.context.SpringBootContextLoader', parent = [null]], attributes = map[[empty]]], class annotated with @DirtiesContext [false] with mode [null].
09:16:28.474 [Test worker] DEBUG org.springframework.test.context.support.TestPropertySourceUtils - Adding inlined properties to environment: {spring.jmx.enabled=false, org.springframework.boot.test.autoconfigure.web.servlet.WebMvcTestContextBootstrapper=true}


              |\      _,,,--,,_
             /,`.-'`'   ._  \-;;,_
  _______ __|,4-  ) )_   .;.(__`'-'__     ___ __    _ ___ _______
 |       | '---''(_/._)-'(_\_)   |   |   |   |  |  | |   |       |
 |    _  |    ___|_     _|       |   |   |   |   |_| |   |       | __ _ _
 |   |_| |   |___  |   | |       |   |   |   |       |   |       | \ \ \ \
 |    ___|    ___| |   | |      _|   |___|   |  _    |   |      _|  \ \ \ \
 |   |   |   |___  |   | |     |_|       |   | | |   |   |     |_    ) ) ) )
 |___|   |_______| |___| |_______|_______|___|_|  |__|___|_______|  / / / /
 ==================================================================/_/_/_/

:: Built with Spring Boot :: 2.3.3.RELEASE


2020-10-20 09:16:28.849  INFO 18118 --- [    Test worker] o.s.s.p.owner.PetControllerTests         : Starting PetControllerTests on nicolaslamas-Latitude-7480 with PID 18118 (started by nicolaslamas in /home/nicolaslamas/proyects/tp4-ing-software)
2020-10-20 09:16:28.853  INFO 18118 --- [    Test worker] o.s.s.p.owner.PetControllerTests         : No active profile set, falling back to default profiles: default
2020-10-20 09:16:30.538  INFO 18118 --- [    Test worker] o.s.s.concurrent.ThreadPoolTaskExecutor  : Initializing ExecutorService 'applicationTaskExecutor'
2020-10-20 09:16:31.353  INFO 18118 --- [    Test worker] o.s.b.t.m.w.SpringBootMockServletContext : Initializing Spring TestDispatcherServlet ''
2020-10-20 09:16:31.353  INFO 18118 --- [    Test worker] o.s.t.web.servlet.TestDispatcherServlet  : Initializing Servlet ''
2020-10-20 09:16:31.370  INFO 18118 --- [    Test worker] o.s.t.web.servlet.TestDispatcherServlet  : Completed initialization in 16 ms
2020-10-20 09:16:31.408  INFO 18118 --- [    Test worker] o.s.s.p.owner.PetControllerTests         : Started PetControllerTests in 2.923 seconds (JVM running for 4.044)
]]></system-out>
  <system-err><![CDATA[]]></system-err>
</testsuite>
